<?xml version="1.0" encoding="UTF-8"?>
<!-- Generated by org.testng.reporters.JUnitXMLReporter -->
<testsuite ignored="0" hostname="SAMPADA-PADGILWAR" failures="1" tests="1" name="Test(failed)(failed)(failed)(failed)" time="0.08" errors="0" timestamp="2023-05-23T09:41:05 IST">
  <testcase classname="testNGpackage3.Test1" name="div" time="0.017">
    <failure type="java.lang.ArithmeticException" message="/ by zero">
      <![CDATA[java.lang.ArithmeticException: / by zero
at testNGpackage3.Test1.div(Test1.java:11)
at java.base/java.util.ArrayList.forEach(ArrayList.java:1511)
... Removed 25 stack frames]]>
    </failure>
  </testcase> <!-- div -->
</testsuite> <!-- Test(failed)(failed)(failed)(failed) -->
