<?xml version="1.0" encoding="UTF-8"?>
<testng-results ignored="0" total="1" passed="1" failed="0" skipped="0">
  <reporter-output>
  </reporter-output>
  <suite started-at="2023-06-03T15:03:23 IST" name="Default suite" finished-at="2023-06-03T15:03:32 IST" duration-ms="9493">
    <groups>
    </groups>
    <test started-at="2023-06-03T15:03:23 IST" name="Default test" finished-at="2023-06-03T15:03:32 IST" duration-ms="9493">
      <class name="testPackage.ValidLoginTestCase">
        <test-method is-config="true" signature="setUp()[pri:0, instance:testPackage.ValidLoginTestCase@6c80d78a]" started-at="2023-06-03T15:03:23 IST" name="setUp" finished-at="2023-06-03T15:03:31 IST" duration-ms="8476" status="PASS">
          <reporter-output>
          </reporter-output>
        </test-method> <!-- setUp -->
        <test-method signature="validLoginMethod()[pri:0, instance:testPackage.ValidLoginTestCase@6c80d78a]" started-at="2023-06-03T15:03:31 IST" name="validLoginMethod" finished-at="2023-06-03T15:03:32 IST" duration-ms="430" status="PASS">
          <reporter-output>
          </reporter-output>
        </test-method> <!-- validLoginMethod -->
        <test-method is-config="true" signature="tearDown()[pri:0, instance:testPackage.ValidLoginTestCase@6c80d78a]" started-at="2023-06-03T15:03:32 IST" name="tearDown" finished-at="2023-06-03T15:03:32 IST" duration-ms="502" status="PASS">
          <reporter-output>
          </reporter-output>
        </test-method> <!-- tearDown -->
      </class> <!-- testPackage.ValidLoginTestCase -->
    </test> <!-- Default test -->
  </suite> <!-- Default suite -->
</testng-results>
