<?xml version="1.0" encoding="UTF-8"?>
<testng-results ignored="0" total="1" passed="1" failed="0" skipped="0">
  <reporter-output>
  </reporter-output>
  <suite started-at="2023-06-09T08:12:38 IST" name="Default suite" finished-at="2023-06-09T08:13:03 IST" duration-ms="25259">
    <groups>
    </groups>
    <test started-at="2023-06-09T08:12:38 IST" name="Default test" finished-at="2023-06-09T08:13:03 IST" duration-ms="25259">
      <class name="testPackage.InvalidLoginTestCase">
        <test-method is-config="true" signature="setUp()[pri:0, instance:testPackage.InvalidLoginTestCase@4c9f8c13]" started-at="2023-06-09T08:12:38 IST" name="setUp" finished-at="2023-06-09T08:12:42 IST" duration-ms="3911" status="PASS">
          <reporter-output>
          </reporter-output>
        </test-method> <!-- setUp -->
        <test-method signature="inavlidLogin()[pri:0, instance:testPackage.InvalidLoginTestCase@4c9f8c13]" started-at="2023-06-09T08:12:42 IST" name="inavlidLogin" finished-at="2023-06-09T08:13:03 IST" duration-ms="20973" status="PASS">
          <reporter-output>
          </reporter-output>
        </test-method> <!-- inavlidLogin -->
        <test-method is-config="true" signature="tearDown()[pri:0, instance:testPackage.InvalidLoginTestCase@4c9f8c13]" started-at="2023-06-09T08:13:03 IST" name="tearDown" finished-at="2023-06-09T08:13:03 IST" duration-ms="305" status="PASS">
          <reporter-output>
          </reporter-output>
        </test-method> <!-- tearDown -->
      </class> <!-- testPackage.InvalidLoginTestCase -->
    </test> <!-- Default test -->
  </suite> <!-- Default suite -->
</testng-results>
