<?xml version="1.0" encoding="UTF-8"?>
<!-- Generated by org.testng.reporters.JUnitXMLReporter -->
<testsuite ignored="12" hostname="SAMPADA-PADGILWAR" failures="0" tests="6" name="Test" time="0.13" errors="0" timestamp="2023-05-27T09:47:15 IST">
  <testcase classname="testNGFlags.Flag7" name="st1" time="0.019"/>
  <testcase classname="testNGFlags.Flag7" name="st2" time="0.004"/>
  <testcase classname="testNGFlags.Flag7" name="st3" time="0.006"/>
  <testcase classname="testNGFlags.Flag7" name="st4" time="0.004"/>
  <testcase classname="testNGFlags.Flag7" name="st5" time="0.005"/>
  <testcase classname="testNGFlags.Flag7" name="st6" time="0.003"/>
  <testcase classname="testNGFlags.Flag7" name="ft3" time="0.0">
    <ignored/>
  </testcase> <!-- ft3 -->
  <testcase classname="testNGFlags.Flag7" name="ft1" time="0.0">
    <ignored/>
  </testcase> <!-- ft1 -->
  <testcase classname="testNGFlags.Flag7" name="it4" time="0.0">
    <ignored/>
  </testcase> <!-- it4 -->
  <testcase classname="testNGFlags.Flag7" name="it1" time="0.0">
    <ignored/>
  </testcase> <!-- it1 -->
  <testcase classname="testNGFlags.Flag7" name="ft4" time="0.0">
    <ignored/>
  </testcase> <!-- ft4 -->
  <testcase classname="testNGFlags.Flag7" name="it2" time="0.0">
    <ignored/>
  </testcase> <!-- it2 -->
  <testcase classname="testNGFlags.Flag7" name="ft5" time="0.0">
    <ignored/>
  </testcase> <!-- ft5 -->
  <testcase classname="testNGFlags.Flag7" name="ft2" time="0.0">
    <ignored/>
  </testcase> <!-- ft2 -->
  <testcase classname="testNGFlags.Flag7" name="it5" time="0.0">
    <ignored/>
  </testcase> <!-- it5 -->
  <testcase classname="testNGFlags.Flag7" name="it6" time="0.0">
    <ignored/>
  </testcase> <!-- it6 -->
  <testcase classname="testNGFlags.Flag7" name="it3" time="0.0">
    <ignored/>
  </testcase> <!-- it3 -->
  <testcase classname="testNGFlags.Flag7" name="ft6" time="0.0">
    <ignored/>
  </testcase> <!-- ft6 -->
</testsuite> <!-- Test -->
