<?xml version="1.0" encoding="UTF-8"?>
<!-- Generated by org.testng.reporters.JUnitXMLReporter -->
<testsuite ignored="12" hostname="SAMPADA-PADGILWAR" failures="0" tests="6" name="Test" time="0.212" errors="0" timestamp="2023-05-25T12:36:50 IST">
  <testcase classname="testNGGroupExe.GroupExecution" name="st1" time="0.032"/>
  <testcase classname="testNGGroupExe.GroupExecution" name="st2" time="0.003"/>
  <testcase classname="testNGGroupExe.GroupExecution" name="st3" time="0.019"/>
  <testcase classname="testNGGroupExe.GroupExecution" name="st4" time="0.007"/>
  <testcase classname="testNGGroupExe.GroupExecution" name="st5" time="0.003"/>
  <testcase classname="testNGGroupExe.GroupExecution" name="st6" time="0.009"/>
  <testcase classname="testNGGroupExe.GroupExecution" name="ft1" time="0.0">
    <ignored/>
  </testcase> <!-- ft1 -->
  <testcase classname="testNGGroupExe.GroupExecution" name="ft3" time="0.0">
    <ignored/>
  </testcase> <!-- ft3 -->
  <testcase classname="testNGGroupExe.GroupExecution" name="ft2" time="0.0">
    <ignored/>
  </testcase> <!-- ft2 -->
  <testcase classname="testNGGroupExe.GroupExecution" name="it2" time="0.0">
    <ignored/>
  </testcase> <!-- it2 -->
  <testcase classname="testNGGroupExe.GroupExecution" name="ft5" time="0.0">
    <ignored/>
  </testcase> <!-- ft5 -->
  <testcase classname="testNGGroupExe.GroupExecution" name="it1" time="0.0">
    <ignored/>
  </testcase> <!-- it1 -->
  <testcase classname="testNGGroupExe.GroupExecution" name="ft4" time="0.0">
    <ignored/>
  </testcase> <!-- ft4 -->
  <testcase classname="testNGGroupExe.GroupExecution" name="it4" time="0.0">
    <ignored/>
  </testcase> <!-- it4 -->
  <testcase classname="testNGGroupExe.GroupExecution" name="it3" time="0.0">
    <ignored/>
  </testcase> <!-- it3 -->
  <testcase classname="testNGGroupExe.GroupExecution" name="ft6" time="0.0">
    <ignored/>
  </testcase> <!-- ft6 -->
  <testcase classname="testNGGroupExe.GroupExecution" name="it6" time="0.0">
    <ignored/>
  </testcase> <!-- it6 -->
  <testcase classname="testNGGroupExe.GroupExecution" name="it5" time="0.0">
    <ignored/>
  </testcase> <!-- it5 -->
</testsuite> <!-- Test -->
