<?xml version="1.0" encoding="UTF-8"?>
<!-- Generated by org.testng.reporters.JUnitXMLReporter -->
<testsuite ignored="0" hostname="SAMPADA-PADGILWAR" failures="0" tests="3" name="Default test" time="0.098" errors="0" timestamp="2023-05-26T10:56:08 IST">
  <testcase classname="testNGFlags.Flag5" name="loginMethod" time="0.016"/>
  <testcase classname="testNGFlags.Flag5" name="createUserMethod" time="0.002"/>
  <testcase classname="testNGFlags.Flag5" name="logoutMethod" time="0.003"/>
</testsuite> <!-- Default test -->
