<?xml version="1.0" encoding="UTF-8"?>
<testng-results ignored="12" total="18" passed="6" failed="0" skipped="0">
  <reporter-output>
    <line>
      <![CDATA[STC1 is executed!!]]>
    </line>
    <line>
      <![CDATA[STC2 is executed!!]]>
    </line>
    <line>
      <![CDATA[STC3 is executed!!]]>
    </line>
    <line>
      <![CDATA[STC4 is executed!!]]>
    </line>
    <line>
      <![CDATA[STC5 is executed!!]]>
    </line>
    <line>
      <![CDATA[STC6 is executed!!]]>
    </line>
  </reporter-output>
  <suite started-at="2023-05-25T12:36:50 IST" name="Suite" finished-at="2023-05-25T12:36:50 IST" duration-ms="212">
    <groups>
      <group name="SMOKE">
        <method signature="GroupExecution.st1()[pri:0, instance:testNGGroupExe.GroupExecution@2473d930]" name="st1" class="testNGGroupExe.GroupExecution"/>
        <method signature="GroupExecution.st2()[pri:0, instance:testNGGroupExe.GroupExecution@2473d930]" name="st2" class="testNGGroupExe.GroupExecution"/>
        <method signature="GroupExecution.st3()[pri:0, instance:testNGGroupExe.GroupExecution@2473d930]" name="st3" class="testNGGroupExe.GroupExecution"/>
        <method signature="GroupExecution.st4()[pri:0, instance:testNGGroupExe.GroupExecution@2473d930]" name="st4" class="testNGGroupExe.GroupExecution"/>
        <method signature="GroupExecution.st5()[pri:0, instance:testNGGroupExe.GroupExecution@2473d930]" name="st5" class="testNGGroupExe.GroupExecution"/>
        <method signature="GroupExecution.st6()[pri:0, instance:testNGGroupExe.GroupExecution@2473d930]" name="st6" class="testNGGroupExe.GroupExecution"/>
      </group> <!-- SMOKE -->
    </groups>
    <test started-at="2023-05-25T12:36:50 IST" name="Test" finished-at="2023-05-25T12:36:50 IST" duration-ms="212">
      <class name="testNGGroupExe.GroupExecution">
        <test-method signature="st1()[pri:0, instance:testNGGroupExe.GroupExecution@2473d930]" started-at="2023-05-25T12:36:50 IST" name="st1" finished-at="2023-05-25T12:36:50 IST" duration-ms="32" status="PASS">
          <reporter-output>
            <line>
              <![CDATA[STC1 is executed!!]]>
            </line>
          </reporter-output>
        </test-method> <!-- st1 -->
        <test-method signature="st2()[pri:0, instance:testNGGroupExe.GroupExecution@2473d930]" started-at="2023-05-25T12:36:50 IST" name="st2" finished-at="2023-05-25T12:36:50 IST" duration-ms="3" status="PASS">
          <reporter-output>
            <line>
              <![CDATA[STC2 is executed!!]]>
            </line>
          </reporter-output>
        </test-method> <!-- st2 -->
        <test-method signature="st3()[pri:0, instance:testNGGroupExe.GroupExecution@2473d930]" started-at="2023-05-25T12:36:50 IST" name="st3" finished-at="2023-05-25T12:36:50 IST" duration-ms="19" status="PASS">
          <reporter-output>
            <line>
              <![CDATA[STC3 is executed!!]]>
            </line>
          </reporter-output>
        </test-method> <!-- st3 -->
        <test-method signature="st4()[pri:0, instance:testNGGroupExe.GroupExecution@2473d930]" started-at="2023-05-25T12:36:50 IST" name="st4" finished-at="2023-05-25T12:36:50 IST" duration-ms="7" status="PASS">
          <reporter-output>
            <line>
              <![CDATA[STC4 is executed!!]]>
            </line>
          </reporter-output>
        </test-method> <!-- st4 -->
        <test-method signature="st5()[pri:0, instance:testNGGroupExe.GroupExecution@2473d930]" started-at="2023-05-25T12:36:50 IST" name="st5" finished-at="2023-05-25T12:36:50 IST" duration-ms="3" status="PASS">
          <reporter-output>
            <line>
              <![CDATA[STC5 is executed!!]]>
            </line>
          </reporter-output>
        </test-method> <!-- st5 -->
        <test-method signature="st6()[pri:0, instance:testNGGroupExe.GroupExecution@2473d930]" started-at="2023-05-25T12:36:50 IST" name="st6" finished-at="2023-05-25T12:36:50 IST" duration-ms="9" status="PASS">
          <reporter-output>
            <line>
              <![CDATA[STC6 is executed!!]]>
            </line>
          </reporter-output>
        </test-method> <!-- st6 -->
      </class> <!-- testNGGroupExe.GroupExecution -->
    </test> <!-- Test -->
  </suite> <!-- Suite -->
</testng-results>
