<?xml version="1.0" encoding="UTF-8"?>
<testng-results ignored="0" total="3" passed="3" failed="0" skipped="0">
  <reporter-output>
    <line>
      <![CDATA[login performed!!]]>
    </line>
    <line>
      <![CDATA[user created!!]]>
    </line>
    <line>
      <![CDATA[logout successfully!!]]>
    </line>
  </reporter-output>
  <suite started-at="2023-05-26T10:56:08 IST" name="Default suite" finished-at="2023-05-26T10:56:08 IST" duration-ms="98">
    <groups>
    </groups>
    <test started-at="2023-05-26T10:56:08 IST" name="Default test" finished-at="2023-05-26T10:56:08 IST" duration-ms="98">
      <class name="testNGFlags.Flag5">
        <test-method signature="loginMethod()[pri:0, instance:testNGFlags.Flag5@78e117e3]" started-at="2023-05-26T10:56:08 IST" name="loginMethod" description="login TestCase" finished-at="2023-05-26T10:56:08 IST" duration-ms="16" status="PASS">
          <reporter-output>
            <line>
              <![CDATA[login performed!!]]>
            </line>
          </reporter-output>
        </test-method> <!-- loginMethod -->
        <test-method signature="createUserMethod()[pri:0, instance:testNGFlags.Flag5@78e117e3]" started-at="2023-05-26T10:56:08 IST" name="createUserMethod" description="create user TestCase" finished-at="2023-05-26T10:56:08 IST" depends-on-methods="testNGFlags.Flag5.loginMethod" duration-ms="2" status="PASS">
          <reporter-output>
            <line>
              <![CDATA[user created!!]]>
            </line>
          </reporter-output>
        </test-method> <!-- createUserMethod -->
        <test-method signature="logoutMethod()[pri:0, instance:testNGFlags.Flag5@78e117e3]" started-at="2023-05-26T10:56:08 IST" name="logoutMethod" description="logout Testcase" finished-at="2023-05-26T10:56:08 IST" depends-on-methods="testNGFlags.Flag5.createUserMethod" duration-ms="3" status="PASS">
          <reporter-output>
            <line>
              <![CDATA[logout successfully!!]]>
            </line>
          </reporter-output>
        </test-method> <!-- logoutMethod -->
      </class> <!-- testNGFlags.Flag5 -->
    </test> <!-- Default test -->
  </suite> <!-- Default suite -->
</testng-results>
