<?xml version="1.0" encoding="UTF-8"?>
<!-- Generated by org.testng.reporters.JUnitXMLReporter -->
<testsuite ignored="0" hostname="SAMPADA-PADGILWAR" failures="1" tests="1" name="Test(failed)(failed)" time="3.332" errors="0" timestamp="2023-05-24T09:46:07 IST">
  <testcase classname="testNGParallelExe.Test1" name="testMethod1" time="3.264">
    <failure type="org.openqa.selenium.SessionNotCreatedException" message="Could not start a new session. Response code 500. Message: session not created: This version of Microsoft Edge WebDriver only supports Microsoft Edge version 111
Current browser version is 113.0.1774.50 with binary path C:\Program Files (x86)\Microsoft\Edge\Application\msedge.exe 
Host info: host: &amp;apos;SAMPADA-PADGILW&amp;apos;, ip: &amp;apos;192.168.43.148&amp;apos;
Build info: version: &amp;apos;4.8.3&amp;apos;, revision: &amp;apos;b19b418e60&amp;apos;
System info: os.name: &amp;apos;Windows 10&amp;apos;, os.arch: &amp;apos;amd64&amp;apos;, os.version: &amp;apos;10.0&amp;apos;, java.version: &amp;apos;19.0.1&amp;apos;
Driver info: org.openqa.selenium.edge.EdgeDriver
Command: [null, newSession {capabilities=[Capabilities {browserName: MicrosoftEdge, ms:edgeOptions: {args: [--remote-allow-origins=*], extensions: []}}], desiredCapabilities=Capabilities {browserName: MicrosoftEdge, ms:edgeOptions: {args: [--remote-allow-origins=*], extensions: []}}}]">
      <![CDATA[org.openqa.selenium.SessionNotCreatedException: Could not start a new session. Response code 500. Message: session not created: This version of Microsoft Edge WebDriver only supports Microsoft Edge version 111
Current browser version is 113.0.1774.50 with binary path C:\Program Files (x86)\Microsoft\Edge\Application\msedge.exe 
Host info: host: 'SAMPADA-PADGILW', ip: '192.168.43.148'
Build info: version: '4.8.3', revision: 'b19b418e60'
System info: os.name: 'Windows 10', os.arch: 'amd64', os.version: '10.0', java.version: '19.0.1'
Driver info: org.openqa.selenium.edge.EdgeDriver
Command: [null, newSession {capabilities=[Capabilities {browserName: MicrosoftEdge, ms:edgeOptions: {args: [--remote-allow-origins=*], extensions: []}}], desiredCapabilities=Capabilities {browserName: MicrosoftEdge, ms:edgeOptions: {args: [--remote-allow-origins=*], extensions: []}}}]
at org.openqa.selenium.remote.ProtocolHandshake.createSession(ProtocolHandshake.java:148)
at org.openqa.selenium.remote.ProtocolHandshake.createSession(ProtocolHandshake.java:106)
at org.openqa.selenium.remote.ProtocolHandshake.createSession(ProtocolHandshake.java:67)
at org.openqa.selenium.remote.HttpCommandExecutor.execute(HttpCommandExecutor.java:165)
at org.openqa.selenium.remote.service.DriverCommandExecutor.invokeExecute(DriverCommandExecutor.java:183)
at org.openqa.selenium.remote.service.DriverCommandExecutor.execute(DriverCommandExecutor.java:158)
at org.openqa.selenium.remote.RemoteWebDriver.execute(RemoteWebDriver.java:543)
at org.openqa.selenium.remote.RemoteWebDriver.startSession(RemoteWebDriver.java:229)
at org.openqa.selenium.remote.RemoteWebDriver.<init>(RemoteWebDriver.java:157)
at org.openqa.selenium.chromium.ChromiumDriver.<init>(ChromiumDriver.java:101)
at org.openqa.selenium.edge.EdgeDriver.<init>(EdgeDriver.java:60)
at org.openqa.selenium.edge.EdgeDriver.<init>(EdgeDriver.java:56)
at org.openqa.selenium.edge.EdgeDriver.<init>(EdgeDriver.java:48)
at org.openqa.selenium.edge.EdgeDriver.<init>(EdgeDriver.java:44)
at testNGParallelExe.Test1.testMethod1(Test1.java:14)
at java.base/java.util.concurrent.ThreadPoolExecutor.runWorker(ThreadPoolExecutor.java:1144)
at java.base/java.util.concurrent.ThreadPoolExecutor$Worker.run(ThreadPoolExecutor.java:642)
at java.base/java.lang.Thread.run(Thread.java:1589)
... Removed 10 stack frames]]>
    </failure>
  </testcase> <!-- testMethod1 -->
</testsuite> <!-- Test(failed)(failed) -->
